<?xml version="1.0" encoding="UTF-8"?>
<testsuite xmlns:xsi="http://www.w3.org/2001/XMLSchema-instance" xsi:noNamespaceSchemaLocation="https://maven.apache.org/surefire/maven-surefire-plugin/xsd/surefire-test-report-3.0.xsd" version="3.0" name="com.ndn.category.CategoryTester" time="0.555" tests="1" errors="0" skipped="0" failures="0">
  <properties>
[...]
</properties>
  <testcase name="testQuantity" classname="com.ndn.category.CategoryTester" time="0.083">
    <system-out><![CDATA[Sai gon di Ha Noi
Ha Noi di Sai Gon
]]></system-out>
  </testcase>
</testsuite>